2023-04-29 15:00:35,417 - mmdet - INFO - Environment info:
------------------------------------------------------------
sys.platform: linux
Python: 3.6.13 |Anaconda, Inc.| (default, Jun  4 2021, 14:25:59) [GCC 7.5.0]
CUDA available: True
GPU 0,1,2,3: NVIDIA TITAN X (Pascal)
CUDA_HOME: /usr/local/cuda
NVCC: Cuda compilation tools, release 11.5, V11.5.119
GCC: gcc (Ubuntu 7.5.0-3ubuntu1~18.04) 7.5.0
PyTorch: 1.7.0
PyTorch compiling details: PyTorch built with:
  - GCC 7.3
  - C++ Version: 201402
  - Intel(R) Math Kernel Library Version 2020.0.2 Product Build 20200624 for Intel(R) 64 architecture applications
  - Intel(R) MKL-DNN v1.6.0 (Git Hash 5ef631a030a6f73131c77892041042805a06064f)
  - OpenMP 201511 (a.k.a. OpenMP 4.5)
  - NNPACK is enabled
  - CPU capability usage: AVX2
  - CUDA Runtime 10.2
  - NVCC architecture flags: -gencode;arch=compute_37,code=sm_37;-gencode;arch=compute_50,code=sm_50;-gencode;arch=compute_60,code=sm_60;-gencode;arch=compute_61,code=sm_61;-gencode;arch=compute_70,code=sm_70;-gencode;arch=compute_75,code=sm_75;-gencode;arch=compute_37,code=compute_37
  - CuDNN 7.6.5
  - Magma 2.5.2
  - Build settings: BLAS=MKL, BUILD_TYPE=Release, CXX_FLAGS= -Wno-deprecated -fvisibility-inlines-hidden -DUSE_PTHREADPOOL -fopenmp -DNDEBUG -DUSE_FBGEMM -DUSE_QNNPACK -DUSE_PYTORCH_QNNPACK -DUSE_XNNPACK -DUSE_VULKAN_WRAPPER -O2 -fPIC -Wno-narrowing -Wall -Wextra -Werror=return-type -Wno-missing-field-initializers -Wno-type-limits -Wno-array-bounds -Wno-unknown-pragmas -Wno-sign-compare -Wno-unused-parameter -Wno-unused-variable -Wno-unused-function -Wno-unused-result -Wno-unused-local-typedefs -Wno-strict-overflow -Wno-strict-aliasing -Wno-error=deprecated-declarations -Wno-stringop-overflow -Wno-psabi -Wno-error=pedantic -Wno-error=redundant-decls -Wno-error=old-style-cast -fdiagnostics-color=always -faligned-new -Wno-unused-but-set-variable -Wno-maybe-uninitialized -fno-math-errno -fno-trapping-math -Werror=format -Wno-stringop-overflow, PERF_WITH_AVX=1, PERF_WITH_AVX2=1, PERF_WITH_AVX512=1, USE_CUDA=ON, USE_EXCEPTION_PTR=1, USE_GFLAGS=OFF, USE_GLOG=OFF, USE_MKL=ON, USE_MKLDNN=ON, USE_MPI=OFF, USE_NCCL=ON, USE_NNPACK=ON, USE_OPENMP=ON, 

TorchVision: 0.8.0
OpenCV: 4.7.0
MMCV: 1.7.1
MMCV Compiler: GCC 7.3
MMCV CUDA Compiler: 10.2
MMDetection: 2.26.0+
------------------------------------------------------------

2023-04-29 15:00:36,136 - mmdet - INFO - Distributed training: False
2023-04-29 15:00:36,842 - mmdet - INFO - Config:
checkpoint_config = dict(interval=50)
log_config = dict(interval=10, hooks=[dict(type='TextLoggerHook')])
custom_hooks = [
    dict(type='SyncNormHook', num_last_epochs=15, interval=50, priority=48),
    dict(
        type='ExpMomentumEMAHook',
        resume_from=None,
        momentum=0.0001,
        priority=49)
]
dist_params = dict(backend='nccl')
log_level = 'INFO'
load_from = None
resume_from = None
workflow = [('train', 1)]
opencv_num_threads = 0
mp_start_method = 'fork'
auto_scale_lr = dict(enable=False, base_batch_size=64)
custom_imports = dict(
    imports=['mmdet_custom.datasets', 'mmcv_custom.runner'],
    allow_failed_imports=False)
img_scale = (640, 640)
act_type = 'ReLU'
default_widen_factor = 0.375
default_deepen_factor = 0.33
widen_factor_range = [
    0.16666666666666666, 0.3333333333333333, 0.5, 0.6666666666666666,
    0.8333333333333334, 1
]
deepen_factor_range = [0, 0.3333333333333333, 0.6666666666666666, 1]
search_space = dict(
    backbone_widen_factor_range=[
        0.16666666666666666, 0.3333333333333333, 0.5, 0.6666666666666666,
        0.8333333333333334, 1
    ],
    backbone_deepen_factor_range=[
        0, 0.3333333333333333, 0.6666666666666666, 1
    ],
    neck_widen_factor_range=[1],
    head_widen_factor_range=[
        0.16666666666666666, 0.3333333333333333, 0.5, 0.6666666666666666,
        0.8333333333333334, 1
    ])
result = [4, 5, 5, 4, 0, 3, 3, 3, 2, 0, 0, 0, 0, 0, 0, 0, 0, 4]
arch = dict(
    widen_factor_backbone_idx=[4, 5, 5, 4, 0],
    deepen_factor_backbone_idx=[3, 3, 3, 2],
    widen_factor_neck_idx=[0, 0, 0, 0, 0, 0, 0, 0],
    widen_factor_neck_out_idx=4)
widen_factor_backbone = [0.3125, 0.375, 0.375, 0.3125, 0.0625]
deepen_factor_backbone = [0.33, 0.33, 0.33, 0.22]
widen_factor_neck = [1, 1, 1, 1, 1, 1, 1, 1]
widen_factor_head = [0.8333333333333334]
in_channels = [96, 160, 64]
head_channels = 80
model = dict(
    type='SearchableYOLOX_KD',
    is_kd=False,
    bn_training_mode=False,
    retraining=True,
    search_space=dict(
        backbone_widen_factor_range=[
            0.16666666666666666, 0.3333333333333333, 0.5, 0.6666666666666666,
            0.8333333333333334, 1
        ],
        backbone_deepen_factor_range=[
            0, 0.3333333333333333, 0.6666666666666666, 1
        ],
        neck_widen_factor_range=[1],
        head_widen_factor_range=[
            0.16666666666666666, 0.3333333333333333, 0.5, 0.6666666666666666,
            0.8333333333333334, 1
        ]),
    divisor=4,
    input_size=(640, 640),
    random_size_range=(10, 20),
    random_size_interval=10,
    backbone=dict(
        type='SearchableCSPDarknetWOSPP',
        deepen_factor=[0.33, 0.33, 0.33, 0.22],
        widen_factor=[0.3125, 0.375, 0.375, 0.3125, 0.0625],
        act_cfg=dict(type='ReLU')),
    neck=dict(
        type='SearchableYOLOXPAFPN',
        in_channels=[96, 160, 64],
        out_channels=80,
        widen_factor=[1, 1, 1, 1, 1, 1, 1, 1],
        num_csp_blocks=1,
        act_cfg=dict(type='ReLU')),
    bbox_head=dict(
        type='SearchableYOLOXHead',
        num_classes=15,
        in_channels=80,
        feat_channels=80,
        act_cfg=dict(type='ReLU')),
    train_cfg=dict(assigner=dict(type='SimOTAAssigner', center_radius=2.5)),
    test_cfg=dict(score_thr=0.01, nms=dict(type='nms', iou_threshold=0.65)))
data_root = 'data/my_voc/'
dataset_type = 'CocoDatasetContinual'
CLASSES = ('aeroplane', 'bicycle', 'bird', 'boat', 'bottle', 'bus', 'car',
           'cat', 'chair', 'cow', 'diningtable', 'dog', 'horse', 'motorbike',
           'person')
img_norm_cfg = dict(mean=[0, 0, 0], std=[255.0, 255.0, 255.0], to_rgb=True)
train_pipeline = [
    dict(type='Mosaic', img_scale=(640, 640), pad_val=114.0),
    dict(
        type='RandomAffine',
        scaling_ratio_range=(0.5, 1.5),
        border=(-320, -320)),
    dict(type='YOLOXHSVRandomAug'),
    dict(type='RandomFlip', flip_ratio=0.5),
    dict(type='Resize', img_scale=(640, 640), keep_ratio=True),
    dict(
        type='Pad',
        pad_to_square=True,
        pad_val=dict(img=(114.0, 114.0, 114.0))),
    dict(
        type='Normalize',
        mean=[0, 0, 0],
        std=[255.0, 255.0, 255.0],
        to_rgb=True),
    dict(type='FilterAnnotations', min_gt_bbox_wh=(1, 1), keep_empty=False),
    dict(type='DefaultFormatBundle'),
    dict(type='Collect', keys=['img', 'gt_bboxes', 'gt_labels'])
]
train_dataset = dict(
    type='MultiImageMixDataset',
    dataset=dict(
        type='CocoDatasetContinual',
        ann_file=
        'data/my_voc/annotations/voc07_trainval_sel_first_15_cats.json',
        img_prefix='data/VOCdevkit/',
        pipeline=[
            dict(type='LoadImageFromFile'),
            dict(type='LoadAnnotations', with_bbox=True)
        ],
        filter_empty_gt=False,
        classes=('aeroplane', 'bicycle', 'bird', 'boat', 'bottle', 'bus',
                 'car', 'cat', 'chair', 'cow', 'diningtable', 'dog', 'horse',
                 'motorbike', 'person'),
        previous_num_classes=0),
    pipeline=[
        dict(type='Mosaic', img_scale=(640, 640), pad_val=114.0),
        dict(
            type='RandomAffine',
            scaling_ratio_range=(0.5, 1.5),
            border=(-320, -320)),
        dict(type='YOLOXHSVRandomAug'),
        dict(type='RandomFlip', flip_ratio=0.5),
        dict(type='Resize', img_scale=(640, 640), keep_ratio=True),
        dict(
            type='Pad',
            pad_to_square=True,
            pad_val=dict(img=(114.0, 114.0, 114.0))),
        dict(
            type='Normalize',
            mean=[0, 0, 0],
            std=[255.0, 255.0, 255.0],
            to_rgb=True),
        dict(
            type='FilterAnnotations', min_gt_bbox_wh=(1, 1), keep_empty=False),
        dict(type='DefaultFormatBundle'),
        dict(type='Collect', keys=['img', 'gt_bboxes', 'gt_labels'])
    ])
test_pipeline = [
    dict(type='LoadImageFromFile'),
    dict(
        type='MultiScaleFlipAug',
        img_scale=(416, 416),
        flip=False,
        transforms=[
            dict(type='Resize', keep_ratio=True),
            dict(type='RandomFlip'),
            dict(
                type='Pad',
                pad_to_square=True,
                pad_val=dict(img=(114.0, 114.0, 114.0))),
            dict(
                type='Normalize',
                mean=[0, 0, 0],
                std=[255.0, 255.0, 255.0],
                to_rgb=True),
            dict(type='DefaultFormatBundle'),
            dict(type='Collect', keys=['img'])
        ])
]
data = dict(
    samples_per_gpu=8,
    workers_per_gpu=4,
    persistent_workers=True,
    train=dict(
        type='MultiImageMixDataset',
        dataset=dict(
            type='CocoDatasetContinual',
            ann_file=
            'data/my_voc/annotations/voc07_trainval_sel_first_15_cats.json',
            img_prefix='data/VOCdevkit/',
            pipeline=[
                dict(type='LoadImageFromFile'),
                dict(type='LoadAnnotations', with_bbox=True)
            ],
            filter_empty_gt=False,
            classes=('aeroplane', 'bicycle', 'bird', 'boat', 'bottle', 'bus',
                     'car', 'cat', 'chair', 'cow', 'diningtable', 'dog',
                     'horse', 'motorbike', 'person'),
            previous_num_classes=0),
        pipeline=[
            dict(type='Mosaic', img_scale=(640, 640), pad_val=114.0),
            dict(
                type='RandomAffine',
                scaling_ratio_range=(0.5, 1.5),
                border=(-320, -320)),
            dict(type='YOLOXHSVRandomAug'),
            dict(type='RandomFlip', flip_ratio=0.5),
            dict(type='Resize', img_scale=(640, 640), keep_ratio=True),
            dict(
                type='Pad',
                pad_to_square=True,
                pad_val=dict(img=(114.0, 114.0, 114.0))),
            dict(
                type='Normalize',
                mean=[0, 0, 0],
                std=[255.0, 255.0, 255.0],
                to_rgb=True),
            dict(
                type='FilterAnnotations',
                min_gt_bbox_wh=(1, 1),
                keep_empty=False),
            dict(type='DefaultFormatBundle'),
            dict(type='Collect', keys=['img', 'gt_bboxes', 'gt_labels'])
        ]),
    val=dict(
        type='CocoDatasetContinual',
        ann_file='data/my_voc/annotations/voc07_test_sel_first_15_cats.json',
        img_prefix='data/VOCdevkit/',
        pipeline=[
            dict(type='LoadImageFromFile'),
            dict(
                type='MultiScaleFlipAug',
                img_scale=(416, 416),
                flip=False,
                transforms=[
                    dict(type='Resize', keep_ratio=True),
                    dict(type='RandomFlip'),
                    dict(
                        type='Pad',
                        pad_to_square=True,
                        pad_val=dict(img=(114.0, 114.0, 114.0))),
                    dict(
                        type='Normalize',
                        mean=[0, 0, 0],
                        std=[255.0, 255.0, 255.0],
                        to_rgb=True),
                    dict(type='DefaultFormatBundle'),
                    dict(type='Collect', keys=['img'])
                ])
        ],
        classes=('aeroplane', 'bicycle', 'bird', 'boat', 'bottle', 'bus',
                 'car', 'cat', 'chair', 'cow', 'diningtable', 'dog', 'horse',
                 'motorbike', 'person'),
        previous_num_classes=0),
    test=dict(
        type='CocoDatasetContinual',
        ann_file='data/my_voc/annotations/voc07_test_sel_first_15_cats.json',
        img_prefix='data/VOCdevkit/',
        pipeline=[
            dict(type='LoadImageFromFile'),
            dict(
                type='MultiScaleFlipAug',
                img_scale=(416, 416),
                flip=False,
                transforms=[
                    dict(type='Resize', keep_ratio=True),
                    dict(type='RandomFlip'),
                    dict(
                        type='Pad',
                        pad_to_square=True,
                        pad_val=dict(img=(114.0, 114.0, 114.0))),
                    dict(
                        type='Normalize',
                        mean=[0, 0, 0],
                        std=[255.0, 255.0, 255.0],
                        to_rgb=True),
                    dict(type='DefaultFormatBundle'),
                    dict(type='Collect', keys=['img'])
                ])
        ],
        classes=('aeroplane', 'bicycle', 'bird', 'boat', 'bottle', 'bus',
                 'car', 'cat', 'chair', 'cow', 'diningtable', 'dog', 'horse',
                 'motorbike', 'person'),
        previous_num_classes=0))
optimizer = dict(
    type='SGD',
    lr=0.01,
    momentum=0.9,
    weight_decay=0.0005,
    nesterov=True,
    paramwise_cfg=dict(norm_decay_mult=0.0, bias_decay_mult=0.0))
optimizer_config = dict(grad_clip=None)
max_epochs = 300
num_last_epochs = 15
interval = 50
lr_config = dict(
    policy='YOLOX',
    warmup='exp',
    by_epoch=False,
    warmup_by_epoch=True,
    warmup_ratio=1,
    warmup_iters=5,
    num_last_epochs=15,
    min_lr_ratio=0.05)
runner = dict(type='EpochBasedRunner', max_epochs=300)
evaluation = dict(
    save_best='auto', interval=10, dynamic_intervals=[(285, 1)], metric='mAP')
work_dir = './work_dirs/yolox_search_voc07_first15'
auto_resume = False
gpu_ids = [0]

2023-04-29 15:00:36,842 - mmdet - INFO - Set random seed to 209652396, deterministic: False
